0 info it worked if it ends with ok
1 verbose cli [ 'C:\\Program Files (x86)\\nodejs\\\\node.exe',
1 verbose cli   'C:\\Program Files (x86)\\nodejs\\node_modules\\npm\\bin\\npm-cli.js',
1 verbose cli   'publish',
1 verbose cli   'generator-impactplusplus@0.0.3',
1 verbose cli   '--force' ]
2 info using npm@1.4.21
3 info using node@v0.10.30
4 verbose node symlink C:\Program Files (x86)\nodejs\\node.exe
5 warn using --force I sure hope you know what you are doing.
6 verbose publish [ 'generator-impactplusplus@0.0.3' ]
7 verbose cache add [ 'generator-impactplusplus@0.0.3', null ]
8 verbose cache add name=undefined spec="generator-impactplusplus@0.0.3" args=["generator-impactplusplus@0.0.3",null]
9 verbose parsed url { protocol: null,
9 verbose parsed url   slashes: null,
9 verbose parsed url   auth: null,
9 verbose parsed url   host: null,
9 verbose parsed url   port: null,
9 verbose parsed url   hostname: null,
9 verbose parsed url   hash: null,
9 verbose parsed url   search: null,
9 verbose parsed url   query: null,
9 verbose parsed url   pathname: 'generator-impactplusplus@0.0.3',
9 verbose parsed url   path: 'generator-impactplusplus@0.0.3',
9 verbose parsed url   href: 'generator-impactplusplus@0.0.3' }
10 verbose cache add name="generator-impactplusplus" spec="0.0.3" args=["generator-impactplusplus","0.0.3"]
11 verbose parsed url { protocol: null,
11 verbose parsed url   slashes: null,
11 verbose parsed url   auth: null,
11 verbose parsed url   host: null,
11 verbose parsed url   port: null,
11 verbose parsed url   hostname: null,
11 verbose parsed url   hash: null,
11 verbose parsed url   search: null,
11 verbose parsed url   query: null,
11 verbose parsed url   pathname: '0.0.3',
11 verbose parsed url   path: '0.0.3',
11 verbose parsed url   href: '0.0.3' }
12 verbose addNamed [ 'generator-impactplusplus', '0.0.3' ]
13 verbose addNamed [ '0.0.3', '0.0.3' ]
14 silly lockFile 9e1da9eb-generator-impactplusplus-0-0-3 generator-impactplusplus@0.0.3
15 verbose lock generator-impactplusplus@0.0.3 C:\Users\David\AppData\Roaming\npm-cache\9e1da9eb-generator-impactplusplus-0-0-3.lock
16 verbose request where is /generator-impactplusplus
17 verbose request registry https://registry.npmjs.org/
18 verbose request id 2877b97677984737
19 verbose url raw /generator-impactplusplus
20 verbose url resolving [ 'https://registry.npmjs.org/', './generator-impactplusplus' ]
21 verbose url resolved https://registry.npmjs.org/generator-impactplusplus
22 verbose request where is https://registry.npmjs.org/generator-impactplusplus
23 info trying registry request attempt 1 at 00:08:24
24 verbose etag "EFJLP4RJTFQEY1F0P10LPIY65"
25 http GET https://registry.npmjs.org/generator-impactplusplus
26 http 304 https://registry.npmjs.org/generator-impactplusplus
27 silly registry.get cb [ 304,
27 silly registry.get   { date: 'Thu, 28 Aug 2014 05:08:25 GMT',
27 silly registry.get     server: 'Apache',
27 silly registry.get     via: '1.1 varnish',
27 silly registry.get     'last-modified': 'Thu, 28 Aug 2014 05:08:25 GMT',
27 silly registry.get     'cache-control': 'max-age=60',
27 silly registry.get     etag: '"EFJLP4RJTFQEY1F0P10LPIY65"',
27 silly registry.get     'x-served-by': 'cache-ord1724-ORD',
27 silly registry.get     'x-cache': 'HIT',
27 silly registry.get     'x-cache-hits': '1',
27 silly registry.get     'x-timer': 'S1409202505.335698,VS0,VE0',
27 silly registry.get     vary: 'Accept',
27 silly registry.get     'content-length': '0',
27 silly registry.get     'keep-alive': 'timeout=10, max=50',
27 silly registry.get     connection: 'Keep-Alive' } ]
28 verbose etag https://registry.npmjs.org/generator-impactplusplus from cache
29 silly lockFile 9e1da9eb-generator-impactplusplus-0-0-3 generator-impactplusplus@0.0.3
30 silly lockFile 9e1da9eb-generator-impactplusplus-0-0-3 generator-impactplusplus@0.0.3
31 error Error: version not found: generator-impactplusplus@0.0.3
31 error     at C:\Program Files (x86)\nodejs\node_modules\npm\lib\cache\add-named.js:125:12
31 error     at saved (C:\Program Files (x86)\nodejs\node_modules\npm\node_modules\npm-registry-client\lib\get.js:167:7)
31 error     at Object.oncomplete (fs.js:107:15)
32 error If you need help, you may report this *entire* log,
32 error including the npm and node versions, at:
32 error     <http://github.com/npm/npm/issues>
33 error System Windows_NT 6.2.9200
34 error command "C:\\Program Files (x86)\\nodejs\\\\node.exe" "C:\\Program Files (x86)\\nodejs\\node_modules\\npm\\bin\\npm-cli.js" "publish" "generator-impactplusplus@0.0.3" "--force"
35 error cwd E:\dev\github\generator-impactplusplus
36 error node -v v0.10.30
37 error npm -v 1.4.21
38 verbose exit [ 1, true ]
